<?xml version="1.0" encoding="UTF-8"?>
<testng-results skipped="0" failed="0" ignored="0" total="0" passed="0">
  <reporter-output>
  </reporter-output>
  <suite name="seleniumTets1project.JenkinsDemo.AppTest" duration-ms="14" started-at="2020-12-26T02:37:42 IST" finished-at="2020-12-26T02:37:42 IST">
    <groups>
    </groups>
    <test name="Command line test" duration-ms="14" started-at="2020-12-26T02:37:42 IST" finished-at="2020-12-26T02:37:42 IST">
    </test> <!-- Command line test -->
  </suite> <!-- seleniumTets1project.JenkinsDemo.AppTest -->
</testng-results>
